/home/ars/dev/random-square/node_modules/
/home/ars/dev/displayList/node_modules/
/home/ars/dev/todo-app/node_modules/
/home/ars/dev/sampleReact/node_modules/
/home/ars/dev/microsoft-oauth/node_modules/
/home/ars/dev/react-reference/node_modules/
/home/ars/dev/nine-square/node_modules/
/home/ars/dev/orm/node_modules/
/home/ars/dev/sequelize-relationships/node_modules/
/home/ars/dev/express-oauth/node_modules/
/home/dmdm/dev/pnpm-link-testing/node_modules/
/home/dmdm/dev/js-utils/node_modules/
/home/dmdm/dev/react/todo-app/node_modules/
/home/dmdm/dev/react/simpleCalculator/node_modules/
/home/dmdm/dev/react/marksheet/node_modules/
/home/dmdm/dev/react/basic/node_modules/
/home/dmdm/dev/npm-boilerplate/node_modules/
/home/dmdm/dev/pdf-generator/node_modules/
/home/dmdm/dev/redis-practise/node_modules/
/home/dmdm/dev/engineering_modules/info/node_modules/
/home/dmdm/dev/engineering_modules/demo-app/node_modules/
/home/dmdm/dev/engineering_modules/signedURL/node_modules/
/home/dmdm/dev/engineering_modules/log/node_modules/
/home/dmdm/dev/engineering_modules/validate/node_modules/
/home/dmdm/dev/invoice-pdf-renderer/node_modules/
/home/dmdm/dev/puzzle-game/node_modules/
/home/dmdm/dev/simple-game/node_modules/
/home/ipr/dev/Brawlers/react-starter/node_modules/
/home/ipr/dev/colors/react-starter/node_modules/
/home/kpk/dev/puzzle-generator/node_modules/
/home/kpk/dev/cart/node_modules/
/home/kpk/dev/react-starter/node_modules/
/home/kpk/dev/hafla-trial/cart/node_modules/
/home/kpk/dev/practice-work/react-starter/node_modules/
/home/kpk/dev/shapes/react-starter/node_modules/
/home/kpk/dev/ReactProject/node_modules/
/home/kpk/dev/shopping-cart/node_modules/
/home/kpk/dev/basic-programs/square-problem/node_modules/
/home/kpk/dev/flight-game/node_modules/
/home/kpk/dev/ref/js-utils/node_modules/
/home/kpk/dev/ref/react-starter/node_modules/
/home/kpk/dev/ref/dDocs/node_modules/
/home/kpk/dev/ref/SimpleGame/node_modules/
/home/kpk/dev/ref/ButtonProject/node_modules/
/home/kpk/dev/ref/storybook/node_modules/
/home/kpk/dev/ref/bar-chart/node_modules/
/home/kpk/dev/ref/react-components/node_modules/
/home/kpk/dev/ref/dimension-measurement/node_modules/
/home/kpk/dev/memory-game/node_modules/
/home/kpk/dev/abs-website/node_modules/
/home/kpk/dev/transformations/node_modules/
/home/kpk/dev/simple-button/node_modules/
/home/kpk/dev/standardize-format/node_modules/
/home/kpk/dev/libraries/mafs/node_modules/
/home/lln/dev/react/todo/node_modules/
/home/lln/dev/react/shoppingCart/node_modules/
/home/lln/dev/react/onlineFood/node_modules/
/home/lln/dev/react/shapes/node_modules/
/home/lln/dev/react/basicReact/node_modules/
/home/lln/dev/react/markSheet/node_modules/
/home/lln/dev/react/SimpleButton/node_modules/
/home/lln/dev/react/barChart/node_modules/
/home/mgt/dev/react/YouTube/node_modules/
/home/nvn/dev/abs/react-web-components/node_modules/
/home/nvn/dev/abs/puzzle-generator/node_modules/
/home/nvn/dev/abs/gridBarChart/node_modules/
/home/nvn/dev/abs/backend/backend-api/node_modules/
/home/nvn/dev/abs/cssEffects/node_modules/
/home/nvn/dev/abs/abs-website/node_modules/
/home/nvn/dev/abs/basicCalculator/node_modules/
/home/nvn/dev/simple-game/node_modules/
/home/pdn/dev/react/apiCall/node_modules/
/home/pdn/dev/react/astrology-poc/node_modules/
/home/pdn/dev/react/calculator/node_modules/
/home/pdn/dev/react/sunTimeCalculator/node_modules/
/home/pdn/dev/react/simple-game/node_modules/
/home/pdn/dev/react/studentsApp/node_modules/
/home/pdn/dev/abs/math/puzzle-generator/node_modules/
/home/rdr/dev/basicCalc/node_modules/
/home/rdr/dev/calculator/node_modules/
/home/rdr/dev/react/puzzle-generator/node_modules/
/home/rdr/dev/react/puzzle-generator-old/node_modules/
/home/rdr/dev/react/LearningCSS/node_modules/
/home/rdr/dev/react/CSS-Effects/node_modules/
/home/rdr/dev/react/NineSquares/node_modules/
/home/rdr/dev/react/TodoApp/node_modules/
/home/rdr/dev/react/testingGround/node_modules/
/home/rdr/dev/react/FlightGame/flight_game/node_modules/
/home/rdr/dev/react/abs-website/node_modules/
/home/rdr/dev/UVBMeter/node_modules/
/home/rdr/dev/react-components/node_modules/
/home/rkr/dev/react-starter/node_modules/
/home/rkr/dev/React/CHOSEN/abs/node_modules/
/home/rkr/dev/progressive-web-apps-in-react-with-create-react-app/lessons/02-create-a-progressive-web-app-with-react-and-register-a-service-worker/node_modules/
/home/rkr/dev/rgpt/node_modules/
/home/rkr/dev/store-scenarios/node_modules/
/home/rkr/dev/scramblerBackend/node_modules/
/home/rkr/dev/simple-game/node_modules/
/home/rkr/dev/trial/sustainable-policy-app/node_modules/
/home/rnl/dev/NewPortfolio/node_modules/
/home/rnl/dev/Portfolio/node_modules/
/home/rsk/dev/ref/todo-app/node_modules/
/home/seg/dev/ref/simple-game/node_modules/
